TN:
SF:src\controllers\categoryController.js
FN:3,(anonymous_0)
FN:14,(anonymous_1)
FN:27,(anonymous_2)
FNF:3
FNH:3
FNDA:2,(anonymous_0)
FNDA:3,(anonymous_1)
FNDA:3,(anonymous_2)
DA:3,2
DA:4,2
DA:5,2
DA:6,2
DA:7,2
DA:8,1
DA:10,1
DA:14,2
DA:15,3
DA:16,3
DA:17,1
DA:20,2
DA:21,1
DA:23,1
DA:27,2
DA:28,3
DA:29,3
DA:30,3
DA:31,1
DA:33,2
DA:34,1
DA:36,1
LF:22
LH:22
BRDA:20,0,0,1
BRDA:20,0,1,1
BRDA:33,1,0,1
BRDA:33,1,1,1
BRF:4
BRH:4
end_of_record
TN:
SF:src\controllers\productController.js
FN:3,(anonymous_0)
FN:12,(anonymous_1)
FN:27,(anonymous_2)
FN:39,(anonymous_3)
FN:51,(anonymous_4)
FN:64,(anonymous_5)
FN:77,(anonymous_6)
FNF:7
FNH:7
FNDA:2,(anonymous_0)
FNDA:4,(anonymous_1)
FNDA:3,(anonymous_2)
FNDA:3,(anonymous_3)
FNDA:3,(anonymous_4)
FNDA:3,(anonymous_5)
FNDA:2,(anonymous_6)
DA:3,2
DA:4,2
DA:5,2
DA:6,1
DA:8,1
DA:12,2
DA:13,4
DA:14,4
DA:15,1
DA:17,3
DA:18,1
DA:20,2
DA:21,1
DA:23,1
DA:27,2
DA:28,3
DA:29,3
DA:30,1
DA:32,2
DA:33,1
DA:35,1
DA:39,2
DA:40,3
DA:41,3
DA:42,1
DA:44,2
DA:45,1
DA:47,1
DA:51,2
DA:52,3
DA:53,3
DA:54,3
DA:55,1
DA:57,2
DA:58,1
DA:60,1
DA:64,2
DA:65,3
DA:66,3
DA:67,3
DA:68,1
DA:70,2
DA:71,1
DA:73,1
DA:77,2
DA:78,2
DA:79,2
DA:80,1
DA:82,1
LF:49
LH:49
BRDA:17,0,0,1
BRDA:17,0,1,2
BRDA:20,1,0,1
BRDA:20,1,1,1
BRDA:32,2,0,1
BRDA:32,2,1,1
BRDA:44,3,0,1
BRDA:44,3,1,1
BRDA:57,4,0,1
BRDA:57,4,1,1
BRDA:70,5,0,1
BRDA:70,5,1,1
BRF:12
BRH:12
end_of_record
TN:
SF:src\controllers\userController.js
FN:11,(anonymous_0)
FN:21,(anonymous_1)
FN:37,(anonymous_2)
FN:53,(anonymous_3)
FN:69,(anonymous_4)
FNF:5
FNH:5
FNDA:2,(anonymous_0)
FNDA:3,(anonymous_1)
FNDA:3,(anonymous_2)
FNDA:3,(anonymous_3)
FNDA:3,(anonymous_4)
DA:11,2
DA:12,2
DA:13,2
DA:14,1
DA:16,1
DA:21,2
DA:22,3
DA:23,3
DA:25,1
DA:27,2
DA:29,2
DA:30,1
DA:32,1
DA:37,2
DA:38,3
DA:41,3
DA:42,3
DA:43,1
DA:45,2
DA:46,1
DA:48,1
DA:53,2
DA:54,3
DA:55,3
DA:57,3
DA:58,1
DA:59,1
DA:61,2
DA:62,1
DA:64,1
DA:69,2
DA:70,3
DA:72,3
DA:73,3
DA:74,1
DA:75,1
DA:77,2
DA:78,1
DA:80,1
LF:39
LH:39
BRDA:29,0,0,1
BRDA:29,0,1,1
BRDA:45,1,0,1
BRDA:45,1,1,1
BRDA:61,2,0,1
BRDA:61,2,1,1
BRDA:77,3,0,1
BRDA:77,3,1,1
BRF:8
BRH:8
end_of_record
TN:
SF:src\middlewares\verifyTokenMiddleware.js
FN:5,(anonymous_0)
FNF:1
FNH:1
FNDA:7,(anonymous_0)
DA:5,2
DA:6,7
DA:8,7
DA:9,7
DA:12,7
DA:13,3
DA:18,4
DA:22,4
DA:24,2
DA:27,2
DA:30,2
DA:33,2
LF:12
LH:12
BRDA:12,0,0,3
BRDA:12,0,1,4
BRDA:12,1,0,7
BRDA:12,1,1,6
BRF:4
BRH:4
end_of_record
TN:
SF:src\models\categoryModel.js
FNF:0
FNH:0
DA:3,5
LF:1
LH:1
BRF:0
BRH:0
end_of_record
TN:
SF:src\models\productModel.js
FN:42,(anonymous_0)
FN:46,(anonymous_1)
FN:72,(anonymous_2)
FN:91,(anonymous_3)
FNF:4
FNH:4
FNDA:5,(anonymous_0)
FNDA:1,(anonymous_1)
FNDA:3,(anonymous_2)
FNDA:2,(anonymous_3)
DA:3,4
DA:5,4
DA:43,5
DA:46,1
DA:72,4
DA:73,3
DA:74,1
DA:77,2
DA:78,1
DA:81,1
DA:83,1
DA:91,4
DA:92,2
DA:96,4
DA:97,4
LF:15
LH:15
BRDA:73,0,0,1
BRDA:73,0,1,2
BRDA:77,1,0,1
BRDA:77,1,1,1
BRF:4
BRH:4
end_of_record
TN:
SF:src\models\userModel.js
FN:59,(anonymous_0)
FN:71,(anonymous_1)
FNF:2
FNH:2
FNDA:11,(anonymous_0)
FNDA:7,(anonymous_1)
DA:8,5
DA:60,11
DA:71,5
DA:73,7
DA:74,7
LF:5
LH:5
BRF:0
BRH:0
end_of_record
TN:
SF:src\routes\categoryRoute.js
FNF:0
FNH:0
DA:4,1
DA:6,1
DA:7,1
DA:8,1
LF:4
LH:4
BRF:0
BRH:0
end_of_record
TN:
SF:src\routes\productRoute.js
FNF:0
FNH:0
DA:4,1
DA:8,1
DA:9,1
DA:10,1
DA:11,1
DA:12,1
DA:13,1
DA:14,1
LF:8
LH:8
BRF:0
BRH:0
end_of_record
TN:
SF:src\routes\userRoute.js
FNF:0
FNH:0
DA:8,1
DA:14,1
DA:15,1
DA:16,1
DA:17,1
DA:18,1
LF:6
LH:6
BRF:0
BRH:0
end_of_record
TN:
SF:src\services\categoryService.js
FN:3,(anonymous_0)
FN:9,(anonymous_1)
FN:20,(anonymous_2)
FNF:3
FNH:3
FNDA:1,(anonymous_0)
FNDA:2,(anonymous_1)
FNDA:2,(anonymous_2)
DA:3,3
DA:4,1
DA:5,1
DA:6,1
DA:9,3
DA:10,2
DA:12,2
DA:13,1
DA:14,1
DA:15,1
DA:17,1
DA:20,3
DA:21,2
DA:23,2
DA:24,1
DA:25,1
DA:26,1
DA:29,1
DA:30,1
LF:19
LH:19
BRDA:12,0,0,1
BRDA:12,0,1,1
BRDA:23,1,0,1
BRDA:23,1,1,1
BRF:4
BRH:4
end_of_record
TN:
SF:src\services\productService.js
FN:3,(anonymous_0)
FN:10,(anonymous_1)
FN:23,(anonymous_2)
FN:38,(anonymous_3)
FN:50,(anonymous_4)
FN:68,(anonymous_5)
FN:81,(anonymous_6)
FNF:7
FNH:7
FNDA:1,(anonymous_0)
FNDA:2,(anonymous_1)
FNDA:2,(anonymous_2)
FNDA:2,(anonymous_3)
FNDA:2,(anonymous_4)
FNDA:2,(anonymous_5)
FNDA:1,(anonymous_6)
DA:3,3
DA:5,1
DA:6,1
DA:7,1
DA:10,3
DA:13,2
DA:14,2
DA:15,1
DA:16,1
DA:17,1
DA:19,1
DA:23,3
DA:26,2
DA:30,2
DA:31,1
DA:32,1
DA:33,1
DA:35,1
DA:38,3
DA:40,2
DA:42,2
DA:43,1
DA:44,1
DA:45,1
DA:47,1
DA:50,3
DA:51,2
DA:53,2
DA:54,1
DA:55,1
DA:56,1
DA:59,1
DA:65,1
DA:68,3
DA:69,2
DA:71,2
DA:72,1
DA:73,1
DA:74,1
DA:77,1
DA:78,1
DA:81,3
DA:82,1
LF:43
LH:43
BRDA:14,0,0,1
BRDA:14,0,1,1
BRDA:30,1,0,1
BRDA:30,1,1,1
BRDA:42,2,0,1
BRDA:42,2,1,1
BRDA:53,3,0,1
BRDA:53,3,1,1
BRDA:71,4,0,1
BRDA:71,4,1,1
BRF:10
BRH:10
end_of_record
TN:
SF:src\services\userService.js
FN:8,(anonymous_0)
FN:24,(anonymous_1)
FN:38,(anonymous_2)
FN:47,(anonymous_3)
FN:58,(anonymous_4)
FNF:5
FNH:5
FNDA:2,(anonymous_0)
FNDA:2,(anonymous_1)
FNDA:2,(anonymous_2)
FNDA:2,(anonymous_3)
FNDA:6,(anonymous_4)
DA:8,3
DA:10,2
DA:12,2
DA:13,1
DA:16,1
DA:18,1
DA:20,1
DA:24,3
DA:25,2
DA:27,2
DA:29,1
DA:30,1
DA:31,1
DA:34,1
DA:38,3
DA:40,2
DA:42,1
DA:43,1
DA:47,3
DA:48,2
DA:52,1
DA:54,1
DA:58,3
DA:59,6
DA:61,6
DA:62,3
DA:63,3
DA:64,3
DA:67,3
DA:68,3
DA:70,3
DA:71,1
DA:72,1
DA:73,1
DA:78,2
DA:79,1
DA:80,1
DA:81,1
DA:86,1
DA:93,1
DA:95,1
LF:41
LH:41
BRDA:12,0,0,1
BRDA:12,0,1,1
BRDA:27,1,0,1
BRDA:27,1,1,1
BRDA:61,2,0,3
BRDA:61,2,1,3
BRDA:61,3,0,6
BRDA:61,3,1,4
BRDA:70,4,0,1
BRDA:70,4,1,2
BRDA:78,5,0,1
BRDA:78,5,1,1
BRF:12
BRH:12
end_of_record
TN:
SF:src\utils\userHelpers.js
FN:3,(anonymous_0)
FNF:1
FNH:1
FNDA:7,(anonymous_0)
DA:3,4
DA:4,7
DA:6,5
DA:7,4
DA:8,4
DA:9,4
DA:11,1
LF:7
LH:7
BRDA:6,0,0,4
BRDA:6,0,1,1
BRF:2
BRH:2
end_of_record
TN:
SF:src\utils\validators.js
FN:1,(anonymous_0)
FNF:1
FNH:1
FNDA:37,(anonymous_0)
DA:1,6
DA:3,37
DA:4,11
DA:6,26
DA:9,26
LF:5
LH:5
BRDA:3,0,0,11
BRDA:3,0,1,26
BRDA:3,1,0,37
BRDA:3,1,1,36
BRDA:3,1,2,28
BRF:5
BRH:5
end_of_record
TN:
SF:src\utils\verifyToken.js
FN:6,verifyToken
FNF:1
FNH:0
FNDA:0,verifyToken
DA:7,0
DA:9,0
DA:10,0
DA:12,0
LF:4
LH:0
BRF:0
BRH:0
end_of_record
